<?xml version="1.0" encoding="UTF-8"?>
<Site BuildName="(empty)"
	BuildStamp="20240714-1753-Experimental"
	Name="(empty)"
	Generator="ctest-3.30.0"
	CompilerName=""
	CompilerVersion=""
	OSName="Windows"
	Hostname="melik"
	OSRelease=" Professional"
	OSVersion=" (Build 22631)"
	OSPlatform="AMD64"
	Is64Bits="1"
	VendorString="GenuineIntel"
	VendorID="Intel Corporation"
	FamilyID="6"
	ModelID="14"
	ProcessorCacheSize="-1"
	NumberOfLogicalCPU="4"
	NumberOfPhysicalCPU="4"
	TotalVirtualMemory="17369"
	TotalPhysicalMemory="16345"
	LogicalProcessorsPerPhysical="1"
	ProcessorClockFrequency="2712"
	>
	<Testing>
		<StartDateTime>Jul 14 20:53 T[NON-UTF-8-BYTE-0xFC]rkiye Standard Time</StartDateTime>
		<StartTestTime>1720979584</StartTestTime>
		<TestList/>
		<EndDateTime>Jul 14 20:53 T[NON-UTF-8-BYTE-0xFC]rkiye Standard Time</EndDateTime>
		<EndTestTime>1720979584</EndTestTime>
		<ElapsedMinutes>0</ElapsedMinutes>
	</Testing>
</Site>
